TN:
SF:database/db.js
FN:40,(anonymous_0)
FN:44,(anonymous_1)
FN:49,(anonymous_2)
FN:53,(anonymous_3)
FN:57,(anonymous_4)
FNF:5
FNH:2
FNDA:0,(anonymous_0)
FNDA:0,(anonymous_1)
FNDA:0,(anonymous_2)
FNDA:4,(anonymous_3)
FNDA:2,(anonymous_4)
DA:3,1
DA:4,1
DA:5,1
DA:8,1
DA:34,1
DA:38,1
DA:41,0
DA:45,0
DA:46,0
DA:50,0
DA:54,4
DA:58,2
DA:64,1
LF:13
LH:9
BRF:0
BRH:0
end_of_record
TN:
SF:server/productService.js
FN:10,(anonymous_0)
FN:16,(anonymous_1)
FN:23,(anonymous_2)
FN:35,(anonymous_3)
FNF:4
FNH:4
FNDA:2,(anonymous_0)
FNDA:2,(anonymous_1)
FNDA:2,(anonymous_2)
FNDA:1,(anonymous_3)
DA:3,1
DA:4,1
DA:5,1
DA:6,1
DA:7,1
DA:10,1
DA:11,2
DA:12,2
DA:16,1
DA:17,2
DA:18,2
DA:19,2
DA:23,1
DA:24,2
DA:25,2
DA:26,2
DA:30,2
DA:33,1
DA:35,1
DA:36,1
DA:39,1
LF:21
LH:21
BRDA:33,0,0,1
BRDA:33,0,1,0
BRF:2
BRH:1
end_of_record
